C:\DOCUMENTS AND SETTINGS\CELINA\ESCRITORIO\FINGERPRINT PROJECT\DEBUG\FINGERPRINT.EXE
C:\DOCUMENTS AND SETTINGS\CELINA\ESCRITORIO\FINGERPRINT PROJECT\DEBUG\FINGERPRINT.ILK
C:\DOCUMENTS AND SETTINGS\CELINA\ESCRITORIO\FINGERPRINT PROJECT\DEBUG\FINGERPRINT.PDB
C:\Documents and Settings\Celina\Escritorio\Fingerprint Project\Lab2_IB\Debug\cl.command.1.tlog
C:\Documents and Settings\Celina\Escritorio\Fingerprint Project\Lab2_IB\Debug\CL.read.1.tlog
C:\Documents and Settings\Celina\Escritorio\Fingerprint Project\Lab2_IB\Debug\CL.write.1.tlog
C:\DOCUMENTS AND SETTINGS\CELINA\ESCRITORIO\FINGERPRINT PROJECT\LAB2_IB\DEBUG\FILTEREDDIRECTIONAL.OBJ
C:\Documents and Settings\Celina\Escritorio\Fingerprint Project\Lab2_IB\Debug\FingerPrint.exe.embed.manifest
C:\DOCUMENTS AND SETTINGS\CELINA\ESCRITORIO\FINGERPRINT PROJECT\LAB2_IB\DEBUG\FINGERPRINT.EXE.EMBED.MANIFEST.RES
C:\DOCUMENTS AND SETTINGS\CELINA\ESCRITORIO\FINGERPRINT PROJECT\LAB2_IB\DEBUG\FINGERPRINT.EXE.INTERMEDIATE.MANIFEST
C:\DOCUMENTS AND SETTINGS\CELINA\ESCRITORIO\FINGERPRINT PROJECT\LAB2_IB\DEBUG\FINGERPRINT.PCH
C:\Documents and Settings\Celina\Escritorio\Fingerprint Project\Lab2_IB\Debug\FingerPrint_manifest.rc
C:\Documents and Settings\Celina\Escritorio\Fingerprint Project\Lab2_IB\Debug\Lab3_IB.exe.embed.manifest
C:\Documents and Settings\Celina\Escritorio\Fingerprint Project\Lab2_IB\Debug\Lab3_IB.exe.embed.manifest.res
C:\Documents and Settings\Celina\Escritorio\Fingerprint Project\Lab2_IB\Debug\Lab3_IB.exe.intermediate.manifest
C:\Documents and Settings\Celina\Escritorio\Fingerprint Project\Lab2_IB\Debug\Lab3_IB.obj
C:\Documents and Settings\Celina\Escritorio\Fingerprint Project\Lab2_IB\Debug\Lab3_IB.pch
C:\Documents and Settings\Celina\Escritorio\Fingerprint Project\Lab2_IB\Debug\Lab3_IB_manifest.rc
C:\Documents and Settings\Celina\Escritorio\Fingerprint Project\Lab2_IB\Debug\link.26344.read.1.tlog
C:\Documents and Settings\Celina\Escritorio\Fingerprint Project\Lab2_IB\Debug\link.26344.write.1.tlog
C:\Documents and Settings\Celina\Escritorio\Fingerprint Project\Lab2_IB\Debug\link.26344-cvtres.read.1.tlog
C:\Documents and Settings\Celina\Escritorio\Fingerprint Project\Lab2_IB\Debug\link.26344-cvtres.write.1.tlog
C:\Documents and Settings\Celina\Escritorio\Fingerprint Project\Lab2_IB\Debug\link.32796.read.1.tlog
C:\Documents and Settings\Celina\Escritorio\Fingerprint Project\Lab2_IB\Debug\link.32796.write.1.tlog
C:\Documents and Settings\Celina\Escritorio\Fingerprint Project\Lab2_IB\Debug\link.32796-cvtres.read.1.tlog
C:\Documents and Settings\Celina\Escritorio\Fingerprint Project\Lab2_IB\Debug\link.32796-cvtres.write.1.tlog
C:\Documents and Settings\Celina\Escritorio\Fingerprint Project\Lab2_IB\Debug\link.39240.read.1.tlog
C:\Documents and Settings\Celina\Escritorio\Fingerprint Project\Lab2_IB\Debug\link.39240.write.1.tlog
C:\Documents and Settings\Celina\Escritorio\Fingerprint Project\Lab2_IB\Debug\link.39240-cvtres.read.1.tlog
C:\Documents and Settings\Celina\Escritorio\Fingerprint Project\Lab2_IB\Debug\link.39240-cvtres.write.1.tlog
C:\Documents and Settings\Celina\Escritorio\Fingerprint Project\Lab2_IB\Debug\link.40812.read.1.tlog
C:\Documents and Settings\Celina\Escritorio\Fingerprint Project\Lab2_IB\Debug\link.40812.write.1.tlog
C:\Documents and Settings\Celina\Escritorio\Fingerprint Project\Lab2_IB\Debug\link.40812-cvtres.read.1.tlog
C:\Documents and Settings\Celina\Escritorio\Fingerprint Project\Lab2_IB\Debug\link.40812-cvtres.write.1.tlog
C:\Documents and Settings\Celina\Escritorio\Fingerprint Project\Lab2_IB\Debug\link.44568.read.1.tlog
C:\Documents and Settings\Celina\Escritorio\Fingerprint Project\Lab2_IB\Debug\link.44568.write.1.tlog
C:\Documents and Settings\Celina\Escritorio\Fingerprint Project\Lab2_IB\Debug\link.44568-cvtres.read.1.tlog
C:\Documents and Settings\Celina\Escritorio\Fingerprint Project\Lab2_IB\Debug\link.44568-cvtres.write.1.tlog
C:\Documents and Settings\Celina\Escritorio\Fingerprint Project\Lab2_IB\Debug\link.45480.read.1.tlog
C:\Documents and Settings\Celina\Escritorio\Fingerprint Project\Lab2_IB\Debug\link.45480.write.1.tlog
C:\Documents and Settings\Celina\Escritorio\Fingerprint Project\Lab2_IB\Debug\link.45480-cvtres.read.1.tlog
C:\Documents and Settings\Celina\Escritorio\Fingerprint Project\Lab2_IB\Debug\link.45480-cvtres.write.1.tlog
C:\Documents and Settings\Celina\Escritorio\Fingerprint Project\Lab2_IB\Debug\link.46504.read.1.tlog
C:\Documents and Settings\Celina\Escritorio\Fingerprint Project\Lab2_IB\Debug\link.46504.write.1.tlog
C:\Documents and Settings\Celina\Escritorio\Fingerprint Project\Lab2_IB\Debug\link.46504-cvtres.read.1.tlog
C:\Documents and Settings\Celina\Escritorio\Fingerprint Project\Lab2_IB\Debug\link.46504-cvtres.write.1.tlog
C:\Documents and Settings\Celina\Escritorio\Fingerprint Project\Lab2_IB\Debug\link.46512.read.1.tlog
C:\Documents and Settings\Celina\Escritorio\Fingerprint Project\Lab2_IB\Debug\link.46512.write.1.tlog
C:\Documents and Settings\Celina\Escritorio\Fingerprint Project\Lab2_IB\Debug\link.46512-cvtres.read.1.tlog
C:\Documents and Settings\Celina\Escritorio\Fingerprint Project\Lab2_IB\Debug\link.46512-cvtres.write.1.tlog
C:\Documents and Settings\Celina\Escritorio\Fingerprint Project\Lab2_IB\Debug\link.46608.read.1.tlog
C:\Documents and Settings\Celina\Escritorio\Fingerprint Project\Lab2_IB\Debug\link.46608.write.1.tlog
C:\Documents and Settings\Celina\Escritorio\Fingerprint Project\Lab2_IB\Debug\link.46608-cvtres.read.1.tlog
C:\Documents and Settings\Celina\Escritorio\Fingerprint Project\Lab2_IB\Debug\link.46608-cvtres.write.1.tlog
C:\Documents and Settings\Celina\Escritorio\Fingerprint Project\Lab2_IB\Debug\link.47732.read.1.tlog
C:\Documents and Settings\Celina\Escritorio\Fingerprint Project\Lab2_IB\Debug\link.47732.write.1.tlog
C:\Documents and Settings\Celina\Escritorio\Fingerprint Project\Lab2_IB\Debug\link.47732-cvtres.read.1.tlog
C:\Documents and Settings\Celina\Escritorio\Fingerprint Project\Lab2_IB\Debug\link.47732-cvtres.write.1.tlog
C:\Documents and Settings\Celina\Escritorio\Fingerprint Project\Lab2_IB\Debug\link.48032.read.1.tlog
C:\Documents and Settings\Celina\Escritorio\Fingerprint Project\Lab2_IB\Debug\link.48032.write.1.tlog
C:\Documents and Settings\Celina\Escritorio\Fingerprint Project\Lab2_IB\Debug\link.48032-cvtres.read.1.tlog
C:\Documents and Settings\Celina\Escritorio\Fingerprint Project\Lab2_IB\Debug\link.48032-cvtres.write.1.tlog
C:\Documents and Settings\Celina\Escritorio\Fingerprint Project\Lab2_IB\Debug\link.48200.read.1.tlog
C:\Documents and Settings\Celina\Escritorio\Fingerprint Project\Lab2_IB\Debug\link.48200.write.1.tlog
C:\Documents and Settings\Celina\Escritorio\Fingerprint Project\Lab2_IB\Debug\link.48200-cvtres.read.1.tlog
C:\Documents and Settings\Celina\Escritorio\Fingerprint Project\Lab2_IB\Debug\link.48200-cvtres.write.1.tlog
C:\Documents and Settings\Celina\Escritorio\Fingerprint Project\Lab2_IB\Debug\link.48284.read.1.tlog
C:\Documents and Settings\Celina\Escritorio\Fingerprint Project\Lab2_IB\Debug\link.48284.write.1.tlog
C:\Documents and Settings\Celina\Escritorio\Fingerprint Project\Lab2_IB\Debug\link.48284-cvtres.read.1.tlog
C:\Documents and Settings\Celina\Escritorio\Fingerprint Project\Lab2_IB\Debug\link.48284-cvtres.write.1.tlog
C:\Documents and Settings\Celina\Escritorio\Fingerprint Project\Lab2_IB\Debug\link.48352.read.1.tlog
C:\Documents and Settings\Celina\Escritorio\Fingerprint Project\Lab2_IB\Debug\link.48352.write.1.tlog
C:\Documents and Settings\Celina\Escritorio\Fingerprint Project\Lab2_IB\Debug\link.48352-cvtres.read.1.tlog
C:\Documents and Settings\Celina\Escritorio\Fingerprint Project\Lab2_IB\Debug\link.48352-cvtres.write.1.tlog
C:\Documents and Settings\Celina\Escritorio\Fingerprint Project\Lab2_IB\Debug\link.48876.read.1.tlog
C:\Documents and Settings\Celina\Escritorio\Fingerprint Project\Lab2_IB\Debug\link.48876.write.1.tlog
C:\Documents and Settings\Celina\Escritorio\Fingerprint Project\Lab2_IB\Debug\link.48876-cvtres.read.1.tlog
C:\Documents and Settings\Celina\Escritorio\Fingerprint Project\Lab2_IB\Debug\link.48876-cvtres.write.1.tlog
C:\Documents and Settings\Celina\Escritorio\Fingerprint Project\Lab2_IB\Debug\link.49136.read.1.tlog
C:\Documents and Settings\Celina\Escritorio\Fingerprint Project\Lab2_IB\Debug\link.49136.write.1.tlog
C:\Documents and Settings\Celina\Escritorio\Fingerprint Project\Lab2_IB\Debug\link.49136-cvtres.read.1.tlog
C:\Documents and Settings\Celina\Escritorio\Fingerprint Project\Lab2_IB\Debug\link.49136-cvtres.write.1.tlog
C:\Documents and Settings\Celina\Escritorio\Fingerprint Project\Lab2_IB\Debug\link.49140.read.1.tlog
C:\Documents and Settings\Celina\Escritorio\Fingerprint Project\Lab2_IB\Debug\link.49140.write.1.tlog
C:\Documents and Settings\Celina\Escritorio\Fingerprint Project\Lab2_IB\Debug\link.49140-cvtres.read.1.tlog
C:\Documents and Settings\Celina\Escritorio\Fingerprint Project\Lab2_IB\Debug\link.49140-cvtres.write.1.tlog
C:\Documents and Settings\Celina\Escritorio\Fingerprint Project\Lab2_IB\Debug\link.49324.read.1.tlog
C:\Documents and Settings\Celina\Escritorio\Fingerprint Project\Lab2_IB\Debug\link.49324.write.1.tlog
C:\Documents and Settings\Celina\Escritorio\Fingerprint Project\Lab2_IB\Debug\link.49324-cvtres.read.1.tlog
C:\Documents and Settings\Celina\Escritorio\Fingerprint Project\Lab2_IB\Debug\link.49324-cvtres.write.1.tlog
C:\Documents and Settings\Celina\Escritorio\Fingerprint Project\Lab2_IB\Debug\link.49680.read.1.tlog
C:\Documents and Settings\Celina\Escritorio\Fingerprint Project\Lab2_IB\Debug\link.49680.write.1.tlog
C:\Documents and Settings\Celina\Escritorio\Fingerprint Project\Lab2_IB\Debug\link.49680-cvtres.read.1.tlog
C:\Documents and Settings\Celina\Escritorio\Fingerprint Project\Lab2_IB\Debug\link.49680-cvtres.write.1.tlog
C:\Documents and Settings\Celina\Escritorio\Fingerprint Project\Lab2_IB\Debug\link.50400.read.1.tlog
C:\Documents and Settings\Celina\Escritorio\Fingerprint Project\Lab2_IB\Debug\link.50400.write.1.tlog
C:\Documents and Settings\Celina\Escritorio\Fingerprint Project\Lab2_IB\Debug\link.50400-cvtres.read.1.tlog
C:\Documents and Settings\Celina\Escritorio\Fingerprint Project\Lab2_IB\Debug\link.50400-cvtres.write.1.tlog
C:\Documents and Settings\Celina\Escritorio\Fingerprint Project\Lab2_IB\Debug\link.50468.read.1.tlog
C:\Documents and Settings\Celina\Escritorio\Fingerprint Project\Lab2_IB\Debug\link.50468.write.1.tlog
C:\Documents and Settings\Celina\Escritorio\Fingerprint Project\Lab2_IB\Debug\link.50468-cvtres.read.1.tlog
C:\Documents and Settings\Celina\Escritorio\Fingerprint Project\Lab2_IB\Debug\link.50468-cvtres.write.1.tlog
C:\Documents and Settings\Celina\Escritorio\Fingerprint Project\Lab2_IB\Debug\link.52600.read.1.tlog
C:\Documents and Settings\Celina\Escritorio\Fingerprint Project\Lab2_IB\Debug\link.52600.write.1.tlog
C:\Documents and Settings\Celina\Escritorio\Fingerprint Project\Lab2_IB\Debug\link.52600-cvtres.read.1.tlog
C:\Documents and Settings\Celina\Escritorio\Fingerprint Project\Lab2_IB\Debug\link.52600-cvtres.write.1.tlog
C:\Documents and Settings\Celina\Escritorio\Fingerprint Project\Lab2_IB\Debug\link.52964.read.1.tlog
C:\Documents and Settings\Celina\Escritorio\Fingerprint Project\Lab2_IB\Debug\link.52964.write.1.tlog
C:\Documents and Settings\Celina\Escritorio\Fingerprint Project\Lab2_IB\Debug\link.52964-cvtres.read.1.tlog
C:\Documents and Settings\Celina\Escritorio\Fingerprint Project\Lab2_IB\Debug\link.52964-cvtres.write.1.tlog
C:\Documents and Settings\Celina\Escritorio\Fingerprint Project\Lab2_IB\Debug\link.54372.read.1.tlog
C:\Documents and Settings\Celina\Escritorio\Fingerprint Project\Lab2_IB\Debug\link.54372.write.1.tlog
C:\Documents and Settings\Celina\Escritorio\Fingerprint Project\Lab2_IB\Debug\link.54372-cvtres.read.1.tlog
C:\Documents and Settings\Celina\Escritorio\Fingerprint Project\Lab2_IB\Debug\link.54372-cvtres.write.1.tlog
C:\Documents and Settings\Celina\Escritorio\Fingerprint Project\Lab2_IB\Debug\link.5896.read.1.tlog
C:\Documents and Settings\Celina\Escritorio\Fingerprint Project\Lab2_IB\Debug\link.5896.write.1.tlog
C:\Documents and Settings\Celina\Escritorio\Fingerprint Project\Lab2_IB\Debug\link.5896-cvtres.read.1.tlog
C:\Documents and Settings\Celina\Escritorio\Fingerprint Project\Lab2_IB\Debug\link.5896-cvtres.write.1.tlog
C:\Documents and Settings\Celina\Escritorio\Fingerprint Project\Lab2_IB\Debug\link.6820.read.1.tlog
C:\Documents and Settings\Celina\Escritorio\Fingerprint Project\Lab2_IB\Debug\link.6820.write.1.tlog
C:\Documents and Settings\Celina\Escritorio\Fingerprint Project\Lab2_IB\Debug\link.6820-cvtres.read.1.tlog
C:\Documents and Settings\Celina\Escritorio\Fingerprint Project\Lab2_IB\Debug\link.6820-cvtres.write.1.tlog
C:\Documents and Settings\Celina\Escritorio\Fingerprint Project\Lab2_IB\Debug\link.6856.read.1.tlog
C:\Documents and Settings\Celina\Escritorio\Fingerprint Project\Lab2_IB\Debug\link.6856.write.1.tlog
C:\Documents and Settings\Celina\Escritorio\Fingerprint Project\Lab2_IB\Debug\link.6856-cvtres.read.1.tlog
C:\Documents and Settings\Celina\Escritorio\Fingerprint Project\Lab2_IB\Debug\link.6856-cvtres.write.1.tlog
C:\Documents and Settings\Celina\Escritorio\Fingerprint Project\Lab2_IB\Debug\link.7164.read.1.tlog
C:\Documents and Settings\Celina\Escritorio\Fingerprint Project\Lab2_IB\Debug\link.7164.write.1.tlog
C:\Documents and Settings\Celina\Escritorio\Fingerprint Project\Lab2_IB\Debug\link.7164-cvtres.read.1.tlog
C:\Documents and Settings\Celina\Escritorio\Fingerprint Project\Lab2_IB\Debug\link.7164-cvtres.write.1.tlog
C:\Documents and Settings\Celina\Escritorio\Fingerprint Project\Lab2_IB\Debug\link.7244.read.1.tlog
C:\Documents and Settings\Celina\Escritorio\Fingerprint Project\Lab2_IB\Debug\link.7244.write.1.tlog
C:\Documents and Settings\Celina\Escritorio\Fingerprint Project\Lab2_IB\Debug\link.7244-cvtres.read.1.tlog
C:\Documents and Settings\Celina\Escritorio\Fingerprint Project\Lab2_IB\Debug\link.7244-cvtres.write.1.tlog
C:\Documents and Settings\Celina\Escritorio\Fingerprint Project\Lab2_IB\Debug\link.7412.read.1.tlog
C:\Documents and Settings\Celina\Escritorio\Fingerprint Project\Lab2_IB\Debug\link.7412.write.1.tlog
C:\Documents and Settings\Celina\Escritorio\Fingerprint Project\Lab2_IB\Debug\link.7412-cvtres.read.1.tlog
C:\Documents and Settings\Celina\Escritorio\Fingerprint Project\Lab2_IB\Debug\link.7412-cvtres.write.1.tlog
C:\Documents and Settings\Celina\Escritorio\Fingerprint Project\Lab2_IB\Debug\link.7860.read.1.tlog
C:\Documents and Settings\Celina\Escritorio\Fingerprint Project\Lab2_IB\Debug\link.7860.write.1.tlog
C:\Documents and Settings\Celina\Escritorio\Fingerprint Project\Lab2_IB\Debug\link.7860-cvtres.read.1.tlog
C:\Documents and Settings\Celina\Escritorio\Fingerprint Project\Lab2_IB\Debug\link.7860-cvtres.write.1.tlog
C:\Documents and Settings\Celina\Escritorio\Fingerprint Project\Lab2_IB\Debug\link.8452.read.1.tlog
C:\Documents and Settings\Celina\Escritorio\Fingerprint Project\Lab2_IB\Debug\link.8452.write.1.tlog
C:\Documents and Settings\Celina\Escritorio\Fingerprint Project\Lab2_IB\Debug\link.8452-cvtres.read.1.tlog
C:\Documents and Settings\Celina\Escritorio\Fingerprint Project\Lab2_IB\Debug\link.8452-cvtres.write.1.tlog
C:\Documents and Settings\Celina\Escritorio\Fingerprint Project\Lab2_IB\Debug\link.9408.read.1.tlog
C:\Documents and Settings\Celina\Escritorio\Fingerprint Project\Lab2_IB\Debug\link.9408.write.1.tlog
C:\Documents and Settings\Celina\Escritorio\Fingerprint Project\Lab2_IB\Debug\link.9408-cvtres.read.1.tlog
C:\Documents and Settings\Celina\Escritorio\Fingerprint Project\Lab2_IB\Debug\link.9408-cvtres.write.1.tlog
C:\Documents and Settings\Celina\Escritorio\Fingerprint Project\Lab2_IB\Debug\link.command.1.tlog
C:\Documents and Settings\Celina\Escritorio\Fingerprint Project\Lab2_IB\Debug\link.read.1.tlog
C:\Documents and Settings\Celina\Escritorio\Fingerprint Project\Lab2_IB\Debug\link.write.1.tlog
C:\Documents and Settings\Celina\Escritorio\Fingerprint Project\Lab2_IB\Debug\link-cvtres.read.1.tlog
C:\Documents and Settings\Celina\Escritorio\Fingerprint Project\Lab2_IB\Debug\link-cvtres.write.1.tlog
C:\DOCUMENTS AND SETTINGS\CELINA\ESCRITORIO\FINGERPRINT PROJECT\LAB2_IB\DEBUG\MINUTIAEEXTRACTION.OBJ
C:\Documents and Settings\Celina\Escritorio\Fingerprint Project\Lab2_IB\Debug\mt.command.1.tlog
C:\Documents and Settings\Celina\Escritorio\Fingerprint Project\Lab2_IB\Debug\mt.read.1.tlog
C:\Documents and Settings\Celina\Escritorio\Fingerprint Project\Lab2_IB\Debug\mt.write.1.tlog
C:\DOCUMENTS AND SETTINGS\CELINA\ESCRITORIO\FINGERPRINT PROJECT\LAB2_IB\DEBUG\PRINCIPAL.OBJ
C:\Documents and Settings\Celina\Escritorio\Fingerprint Project\Lab2_IB\Debug\rc.command.1.tlog
C:\Documents and Settings\Celina\Escritorio\Fingerprint Project\Lab2_IB\Debug\rc.read.1.tlog
C:\Documents and Settings\Celina\Escritorio\Fingerprint Project\Lab2_IB\Debug\rc.write.1.tlog
C:\DOCUMENTS AND SETTINGS\CELINA\ESCRITORIO\FINGERPRINT PROJECT\LAB2_IB\DEBUG\SOBEL.OBJ
C:\DOCUMENTS AND SETTINGS\CELINA\ESCRITORIO\FINGERPRINT PROJECT\LAB2_IB\DEBUG\STDAFX.OBJ
C:\Documents and Settings\Celina\Escritorio\Fingerprint Project\Lab2_IB\Debug\vc100.idb
C:\DOCUMENTS AND SETTINGS\CELINA\ESCRITORIO\FINGERPRINT PROJECT\LAB2_IB\DEBUG\VC100.PDB
C:\DOCUMENTS AND SETTINGS\CELINA\MIS DOCUMENTOS\VISUAL STUDIO 2010\PROJECTS\BINARISATION\DEBUG\FINGERPRINT.EXE
C:\DOCUMENTS AND SETTINGS\CELINA\MIS DOCUMENTOS\VISUAL STUDIO 2010\PROJECTS\BINARISATION\DEBUG\FINGERPRINT.ILK
C:\DOCUMENTS AND SETTINGS\CELINA\MIS DOCUMENTOS\VISUAL STUDIO 2010\PROJECTS\BINARISATION\DEBUG\FINGERPRINT.PDB
C:\DOCUMENTS AND SETTINGS\CELINA\MIS DOCUMENTOS\VISUAL STUDIO 2010\PROJECTS\BINARISATION\DEBUG\LAB3_IB.EXE
C:\DOCUMENTS AND SETTINGS\CELINA\MIS DOCUMENTOS\VISUAL STUDIO 2010\PROJECTS\BINARISATION\DEBUG\LAB3_IB.ILK
C:\DOCUMENTS AND SETTINGS\CELINA\MIS DOCUMENTOS\VISUAL STUDIO 2010\PROJECTS\BINARISATION\DEBUG\LAB3_IB.PDB
C:\DOCUMENTS AND SETTINGS\CELINA\MIS DOCUMENTOS\VISUAL STUDIO 2010\PROJECTS\BINARISATION\LAB2_IB\DEBUG\FILTEREDDIRECTIONAL.OBJ
C:\DOCUMENTS AND SETTINGS\CELINA\MIS DOCUMENTOS\VISUAL STUDIO 2010\PROJECTS\BINARISATION\LAB2_IB\DEBUG\FINGERPRINT.EXE.EMBED.MANIFEST
C:\DOCUMENTS AND SETTINGS\CELINA\MIS DOCUMENTOS\VISUAL STUDIO 2010\PROJECTS\BINARISATION\LAB2_IB\DEBUG\FINGERPRINT.EXE.EMBED.MANIFEST.RES
C:\DOCUMENTS AND SETTINGS\CELINA\MIS DOCUMENTOS\VISUAL STUDIO 2010\PROJECTS\BINARISATION\LAB2_IB\DEBUG\FINGERPRINT.EXE.INTERMEDIATE.MANIFEST
C:\DOCUMENTS AND SETTINGS\CELINA\MIS DOCUMENTOS\VISUAL STUDIO 2010\PROJECTS\BINARISATION\LAB2_IB\DEBUG\FINGERPRINT.PCH
C:\DOCUMENTS AND SETTINGS\CELINA\MIS DOCUMENTOS\VISUAL STUDIO 2010\PROJECTS\BINARISATION\LAB2_IB\DEBUG\LAB3_IB.EXE.EMBED.MANIFEST.RES
C:\DOCUMENTS AND SETTINGS\CELINA\MIS DOCUMENTOS\VISUAL STUDIO 2010\PROJECTS\BINARISATION\LAB2_IB\DEBUG\LAB3_IB.EXE.INTERMEDIATE.MANIFEST
C:\DOCUMENTS AND SETTINGS\CELINA\MIS DOCUMENTOS\VISUAL STUDIO 2010\PROJECTS\BINARISATION\LAB2_IB\DEBUG\LAB3_IB.OBJ
C:\DOCUMENTS AND SETTINGS\CELINA\MIS DOCUMENTOS\VISUAL STUDIO 2010\PROJECTS\BINARISATION\LAB2_IB\DEBUG\LAB3_IB.PCH
C:\DOCUMENTS AND SETTINGS\CELINA\MIS DOCUMENTOS\VISUAL STUDIO 2010\PROJECTS\BINARISATION\LAB2_IB\DEBUG\MINUTIAEEXTRACTION.OBJ
C:\DOCUMENTS AND SETTINGS\CELINA\MIS DOCUMENTOS\VISUAL STUDIO 2010\PROJECTS\BINARISATION\LAB2_IB\DEBUG\PRINCIPAL.OBJ
C:\DOCUMENTS AND SETTINGS\CELINA\MIS DOCUMENTOS\VISUAL STUDIO 2010\PROJECTS\BINARISATION\LAB2_IB\DEBUG\SOBEL.OBJ
C:\DOCUMENTS AND SETTINGS\CELINA\MIS DOCUMENTOS\VISUAL STUDIO 2010\PROJECTS\BINARISATION\LAB2_IB\DEBUG\STDAFX.OBJ
C:\DOCUMENTS AND SETTINGS\CELINA\MIS DOCUMENTOS\VISUAL STUDIO 2010\PROJECTS\BINARISATION\LAB2_IB\DEBUG\VC100.PDB
C:\DOCUMENTS AND SETTINGS\CELINA\MIS DOCUMENTOS\VISUAL STUDIO 2010\PROJECTS\LAB3_IB\DEBUG\LAB3_IB.EXE
C:\DOCUMENTS AND SETTINGS\CELINA\MIS DOCUMENTOS\VISUAL STUDIO 2010\PROJECTS\LAB3_IB\DEBUG\LAB3_IB.ILK
C:\DOCUMENTS AND SETTINGS\CELINA\MIS DOCUMENTOS\VISUAL STUDIO 2010\PROJECTS\LAB3_IB\DEBUG\LAB3_IB.PDB
C:\DOCUMENTS AND SETTINGS\CELINA\MIS DOCUMENTOS\VISUAL STUDIO 2010\PROJECTS\LAB3_IB\LAB2_IB\DEBUG\FILTEREDDIRECTIONAL.OBJ
C:\DOCUMENTS AND SETTINGS\CELINA\MIS DOCUMENTOS\VISUAL STUDIO 2010\PROJECTS\LAB3_IB\LAB2_IB\DEBUG\LAB3_IB.EXE.EMBED.MANIFEST
C:\DOCUMENTS AND SETTINGS\CELINA\MIS DOCUMENTOS\VISUAL STUDIO 2010\PROJECTS\LAB3_IB\LAB2_IB\DEBUG\LAB3_IB.EXE.EMBED.MANIFEST.RES
C:\DOCUMENTS AND SETTINGS\CELINA\MIS DOCUMENTOS\VISUAL STUDIO 2010\PROJECTS\LAB3_IB\LAB2_IB\DEBUG\LAB3_IB.EXE.INTERMEDIATE.MANIFEST
C:\DOCUMENTS AND SETTINGS\CELINA\MIS DOCUMENTOS\VISUAL STUDIO 2010\PROJECTS\LAB3_IB\LAB2_IB\DEBUG\LAB3_IB.OBJ
C:\DOCUMENTS AND SETTINGS\CELINA\MIS DOCUMENTOS\VISUAL STUDIO 2010\PROJECTS\LAB3_IB\LAB2_IB\DEBUG\LAB3_IB.PCH
C:\DOCUMENTS AND SETTINGS\CELINA\MIS DOCUMENTOS\VISUAL STUDIO 2010\PROJECTS\LAB3_IB\LAB2_IB\DEBUG\SOBEL.OBJ
C:\DOCUMENTS AND SETTINGS\CELINA\MIS DOCUMENTOS\VISUAL STUDIO 2010\PROJECTS\LAB3_IB\LAB2_IB\DEBUG\STDAFX.OBJ
C:\DOCUMENTS AND SETTINGS\CELINA\MIS DOCUMENTOS\VISUAL STUDIO 2010\PROJECTS\LAB3_IB\LAB2_IB\DEBUG\VC100.PDB
