C:\DOCUMENTS AND SETTINGS\CELINA\MIS DOCUMENTOS\VISUAL STUDIO 2010\PROJECTS\LAB3_IB\DEBUG\LAB3_IB.EXE
C:\DOCUMENTS AND SETTINGS\CELINA\MIS DOCUMENTOS\VISUAL STUDIO 2010\PROJECTS\LAB3_IB\DEBUG\LAB3_IB.ILK
C:\DOCUMENTS AND SETTINGS\CELINA\MIS DOCUMENTOS\VISUAL STUDIO 2010\PROJECTS\LAB3_IB\DEBUG\LAB3_IB.PDB
C:\Documents and Settings\Celina\Mis documentos\Visual Studio 2010\Projects\Lab3_IB\Lab2_IB\Debug\cl.command.1.tlog
C:\Documents and Settings\Celina\Mis documentos\Visual Studio 2010\Projects\Lab3_IB\Lab2_IB\Debug\CL.read.1.tlog
C:\Documents and Settings\Celina\Mis documentos\Visual Studio 2010\Projects\Lab3_IB\Lab2_IB\Debug\CL.write.1.tlog
C:\DOCUMENTS AND SETTINGS\CELINA\MIS DOCUMENTOS\VISUAL STUDIO 2010\PROJECTS\LAB3_IB\LAB2_IB\DEBUG\FILTEREDDIRECTIONAL.OBJ
C:\Documents and Settings\Celina\Mis documentos\Visual Studio 2010\Projects\Lab3_IB\Lab2_IB\Debug\Lab2_IB.exe.embed.manifest
C:\Documents and Settings\Celina\Mis documentos\Visual Studio 2010\Projects\Lab3_IB\Lab2_IB\Debug\Lab2_IB.exe.embed.manifest.res
C:\Documents and Settings\Celina\Mis documentos\Visual Studio 2010\Projects\Lab3_IB\Lab2_IB\Debug\Lab2_IB.exe.intermediate.manifest
C:\Documents and Settings\Celina\Mis documentos\Visual Studio 2010\Projects\Lab3_IB\Lab2_IB\Debug\Lab2_IB.pch
C:\DOCUMENTS AND SETTINGS\CELINA\MIS DOCUMENTOS\VISUAL STUDIO 2010\PROJECTS\LAB3_IB\LAB2_IB\DEBUG\LAB3_IB.EXE.EMBED.MANIFEST
C:\DOCUMENTS AND SETTINGS\CELINA\MIS DOCUMENTOS\VISUAL STUDIO 2010\PROJECTS\LAB3_IB\LAB2_IB\DEBUG\LAB3_IB.EXE.EMBED.MANIFEST.RES
C:\DOCUMENTS AND SETTINGS\CELINA\MIS DOCUMENTOS\VISUAL STUDIO 2010\PROJECTS\LAB3_IB\LAB2_IB\DEBUG\LAB3_IB.EXE.INTERMEDIATE.MANIFEST
C:\DOCUMENTS AND SETTINGS\CELINA\MIS DOCUMENTOS\VISUAL STUDIO 2010\PROJECTS\LAB3_IB\LAB2_IB\DEBUG\LAB3_IB.OBJ
C:\DOCUMENTS AND SETTINGS\CELINA\MIS DOCUMENTOS\VISUAL STUDIO 2010\PROJECTS\LAB3_IB\LAB2_IB\DEBUG\LAB3_IB.PCH
C:\Documents and Settings\Celina\Mis documentos\Visual Studio 2010\Projects\Lab3_IB\Lab2_IB\Debug\Lab3_IB_manifest.rc
C:\Documents and Settings\Celina\Mis documentos\Visual Studio 2010\Projects\Lab3_IB\Lab2_IB\Debug\link.4288.read.1.tlog
C:\Documents and Settings\Celina\Mis documentos\Visual Studio 2010\Projects\Lab3_IB\Lab2_IB\Debug\link.4288.write.1.tlog
C:\Documents and Settings\Celina\Mis documentos\Visual Studio 2010\Projects\Lab3_IB\Lab2_IB\Debug\link.4288-cvtres.read.1.tlog
C:\Documents and Settings\Celina\Mis documentos\Visual Studio 2010\Projects\Lab3_IB\Lab2_IB\Debug\link.4288-cvtres.write.1.tlog
C:\Documents and Settings\Celina\Mis documentos\Visual Studio 2010\Projects\Lab3_IB\Lab2_IB\Debug\link.4640.read.1.tlog
C:\Documents and Settings\Celina\Mis documentos\Visual Studio 2010\Projects\Lab3_IB\Lab2_IB\Debug\link.4640.write.1.tlog
C:\Documents and Settings\Celina\Mis documentos\Visual Studio 2010\Projects\Lab3_IB\Lab2_IB\Debug\link.4640-cvtres.read.1.tlog
C:\Documents and Settings\Celina\Mis documentos\Visual Studio 2010\Projects\Lab3_IB\Lab2_IB\Debug\link.4640-cvtres.write.1.tlog
C:\Documents and Settings\Celina\Mis documentos\Visual Studio 2010\Projects\Lab3_IB\Lab2_IB\Debug\link.5580.read.1.tlog
C:\Documents and Settings\Celina\Mis documentos\Visual Studio 2010\Projects\Lab3_IB\Lab2_IB\Debug\link.5580.write.1.tlog
C:\Documents and Settings\Celina\Mis documentos\Visual Studio 2010\Projects\Lab3_IB\Lab2_IB\Debug\link.5580-cvtres.read.1.tlog
C:\Documents and Settings\Celina\Mis documentos\Visual Studio 2010\Projects\Lab3_IB\Lab2_IB\Debug\link.5580-cvtres.write.1.tlog
C:\Documents and Settings\Celina\Mis documentos\Visual Studio 2010\Projects\Lab3_IB\Lab2_IB\Debug\link.command.1.tlog
C:\Documents and Settings\Celina\Mis documentos\Visual Studio 2010\Projects\Lab3_IB\Lab2_IB\Debug\link.read.1.tlog
C:\Documents and Settings\Celina\Mis documentos\Visual Studio 2010\Projects\Lab3_IB\Lab2_IB\Debug\link.write.1.tlog
C:\Documents and Settings\Celina\Mis documentos\Visual Studio 2010\Projects\Lab3_IB\Lab2_IB\Debug\link-cvtres.read.1.tlog
C:\Documents and Settings\Celina\Mis documentos\Visual Studio 2010\Projects\Lab3_IB\Lab2_IB\Debug\link-cvtres.write.1.tlog
C:\Documents and Settings\Celina\Mis documentos\Visual Studio 2010\Projects\Lab3_IB\Lab2_IB\Debug\mt.command.1.tlog
C:\Documents and Settings\Celina\Mis documentos\Visual Studio 2010\Projects\Lab3_IB\Lab2_IB\Debug\mt.read.1.tlog
C:\Documents and Settings\Celina\Mis documentos\Visual Studio 2010\Projects\Lab3_IB\Lab2_IB\Debug\mt.write.1.tlog
C:\Documents and Settings\Celina\Mis documentos\Visual Studio 2010\Projects\Lab3_IB\Lab2_IB\Debug\rc.command.1.tlog
C:\Documents and Settings\Celina\Mis documentos\Visual Studio 2010\Projects\Lab3_IB\Lab2_IB\Debug\rc.read.1.tlog
C:\Documents and Settings\Celina\Mis documentos\Visual Studio 2010\Projects\Lab3_IB\Lab2_IB\Debug\rc.write.1.tlog
C:\DOCUMENTS AND SETTINGS\CELINA\MIS DOCUMENTOS\VISUAL STUDIO 2010\PROJECTS\LAB3_IB\LAB2_IB\DEBUG\SOBEL.OBJ
C:\DOCUMENTS AND SETTINGS\CELINA\MIS DOCUMENTOS\VISUAL STUDIO 2010\PROJECTS\LAB3_IB\LAB2_IB\DEBUG\STDAFX.OBJ
C:\Documents and Settings\Celina\Mis documentos\Visual Studio 2010\Projects\Lab3_IB\Lab2_IB\Debug\vc100.idb
C:\DOCUMENTS AND SETTINGS\CELINA\MIS DOCUMENTOS\VISUAL STUDIO 2010\PROJECTS\LAB3_IB\LAB2_IB\DEBUG\VC100.PDB
